<?xml version='1.0' encoding='UTF-8'?>
<testsuite hostname="DESKTOP-2OCNRDT" name="ParserSuite" tests="101" errors="0" failures="0" skipped="0" time="2.63">
                     <properties>
[...]
</properties>
                     <testcase classname="ParserSuite" name=" Variable declaration" time="0.54">
                                                 
                                               </testcase><testcase classname="ParserSuite" name=" Variable declaration" time="0.014">
                                                 
                                               </testcase><testcase classname="ParserSuite" name=" Variable declaration" time="0.009">
                                                 
                                               </testcase><testcase classname="ParserSuite" name=" Variable declaration" time="0.01">
                                                 
                                               </testcase><testcase classname="ParserSuite" name=" Variable declaration fail: not primitive tyle" time="0.015">
                                                 
                                               </testcase><testcase classname="ParserSuite" name=" Variable declaration fail: missing identifier" time="0.012">
                                                 
                                               </testcase><testcase classname="ParserSuite" name=" Variable declaration fali: missing semi-colon" time="0.011">
                                                 
                                               </testcase><testcase classname="ParserSuite" name=" Variable declaration fail: array decalaration without size" time="0.07">
                                                 
                                               </testcase><testcase classname="ParserSuite" name=" Variable declaration" time="0.008">
                                                 
                                               </testcase><testcase classname="ParserSuite" name=" Variable declaration" time="0.008">
                                                 
                                               </testcase><testcase classname="ParserSuite" name=" Variable declaration: missing the end SEMI" time="0.011">
                                                 
                                               </testcase><testcase classname="ParserSuite" name=" Variable declaration: missing COMMA in list variable" time="0.08">
                                                 
                                               </testcase><testcase classname="ParserSuite" name=" Variable declaration" time="0.013">
                                                 
                                               </testcase><testcase classname="ParserSuite" name=" Variable declaration" time="0.008">
                                                 
                                               </testcase><testcase classname="ParserSuite" name=" Function declaration: prototype have no parameter" time="0.01">
                                                 
                                               </testcase><testcase classname="ParserSuite" name=" Function declaration: prototype have a parameter" time="0.008">
                                                 
                                               </testcase><testcase classname="ParserSuite" name=" Function declaration: prototype have many parameters" time="0.011">
                                                 
                                               </testcase><testcase classname="ParserSuite" name=" Function declaration fail: missing TYPE" time="0.012">
                                                 
                                               </testcase><testcase classname="ParserSuite" name=" Function declaration fail: missing fucntion name" time="0.016">
                                                 
                                               </testcase><testcase classname="ParserSuite" name=" Function declaration fail: missing fucntion name" time="0.006">
                                                 
                                               </testcase><testcase classname="ParserSuite" name=" Function declaration fail: missing block statement at the end" time="0.012">
                                                 
                                               </testcase><testcase classname="ParserSuite" name=" Ffunction declaration fail: wrong type" time="0.01">
                                                 
                                               </testcase><testcase classname="ParserSuite" name=" Function declaration fail: wrong function-name" time="0.012">
                                                 
                                               </testcase><testcase classname="ParserSuite" name=" Function declaration fail: missing )" time="0.008">
                                                 
                                               </testcase><testcase classname="ParserSuite" name=" Function declaration fail: missing )" time="0.016">
                                                 
                                               </testcase><testcase classname="ParserSuite" name=" Function declaration: function return array pointer type" time="0.012">
                                                 
                                               </testcase><testcase classname="ParserSuite" name=" Function declaration: function return array pointer type and input para array pointer type" time="0.012">
                                                 
                                               </testcase><testcase classname="ParserSuite" name=" Function declaration fail: wrong separator in parameter list" time="0.081">
                                                 
                                               </testcase><testcase classname="ParserSuite" name=" Function declaration fail: wrong parameter type" time="0.014">
                                                 
                                               </testcase><testcase classname="ParserSuite" name=" Function declaration fail: wrong parameter-name" time="0.011">
                                                 
                                               </testcase><testcase classname="ParserSuite" name=" Function declaration fail: does not support nested function" time="0.012">
                                                 
                                               </testcase><testcase classname="ParserSuite" name=" Function declaration fail: not eccept size of array" time="0.011">
                                                 
                                               </testcase><testcase classname="ParserSuite" name=" Function declaration fail: not eccept semi-colon after list of parameters" time="0.017">
                                                 
                                               </testcase><testcase classname="ParserSuite" name=" Function declaration fail: wrong bracket at block statement" time="0.016">
                                                 
                                               </testcase><testcase classname="ParserSuite" name=" Function declaration and global variable" time="0.01">
                                                 
                                               </testcase><testcase classname="ParserSuite" name=" Function declaration and global variable" time="0.014">
                                                 
                                               </testcase><testcase classname="ParserSuite" name=" Function declaration and global variable" time="0.07">
                                                 
                                               </testcase><testcase classname="ParserSuite" name=" Mix declarations  within comment" time="0.018">
                                                 
                                               </testcase><testcase classname="ParserSuite" name=" Expression: one assigment" time="0.081">
                                                 
                                               </testcase><testcase classname="ParserSuite" name=" Expression: many assigment" time="0.021">
                                                 
                                               </testcase><testcase classname="ParserSuite" name=" Expression: OR operator" time="0.014">
                                                 
                                               </testcase><testcase classname="ParserSuite" name=" Expression: AND operator" time="0.02">
                                                 
                                               </testcase><testcase classname="ParserSuite" name=" Expression: '==' operator" time="0.013">
                                                 
                                               </testcase><testcase classname="ParserSuite" name=" Expression: '!=' operator" time="0.015">
                                                 
                                               </testcase><testcase classname="ParserSuite" name=" Expression: '&lt;' operator" time="0.013">
                                                 
                                               </testcase><testcase classname="ParserSuite" name=" Expression: '&gt;' operator" time="0.017">
                                                 
                                               </testcase><testcase classname="ParserSuite" name=" Expression: '&lt;=' operator" time="0.015">
                                                 
                                               </testcase><testcase classname="ParserSuite" name=" Expression: '&gt;=' operator" time="0.074">
                                                 
                                               </testcase><testcase classname="ParserSuite" name=" Expression: '+' operator" time="0.014">
                                                 
                                               </testcase><testcase classname="ParserSuite" name=" Expression: '-' and '!' operator&quot;" time="0.02">
                                                 
                                               </testcase><testcase classname="ParserSuite" name=" Expression: '[]' operator" time="0.015">
                                                 
                                               </testcase><testcase classname="ParserSuite" name="  Expression: none-assoc operater" time="0.02">
                                                 
                                               </testcase><testcase classname="ParserSuite" name="  Expression: none-assoc operater" time="0.025">
                                                 
                                               </testcase><testcase classname="ParserSuite" name="  Expression: none-assoc operater" time="0.017">
                                                 
                                               </testcase><testcase classname="ParserSuite" name="  Expression: none-assoc operater" time="0.015">
                                                 
                                               </testcase><testcase classname="ParserSuite" name=" Expression: statement within many type operater" time="0.019">
                                                 
                                               </testcase><testcase classname="ParserSuite" name=" Expression: many not statement" time="0.023">
                                                 
                                               </testcase><testcase classname="ParserSuite" name=" Expression: index statement" time="0.025">
                                                 
                                               </testcase><testcase classname="ParserSuite" name=" Expression fail: array parameter" time="0.018">
                                                 
                                               </testcase><testcase classname="ParserSuite" name=" Expression fail: missing index in index statement" time="0.025">
                                                 
                                               </testcase><testcase classname="ParserSuite" name=" Expression fail: invalid array parameter" time="0.116">
                                                 
                                               </testcase><testcase classname="ParserSuite" name=" if statement" time="0.026">
                                                 
                                               </testcase><testcase classname="ParserSuite" name=" if else statement" time="0.018">
                                                 
                                               </testcase><testcase classname="ParserSuite" name=" Nested if statement" time="0.018">
                                                 
                                               </testcase><testcase classname="ParserSuite" name=" Nested if else statement" time="0.018">
                                                 
                                               </testcase><testcase classname="ParserSuite" name=" do while single statement" time="0.021">
                                                 
                                               </testcase><testcase classname="ParserSuite" name=" do while multiple statements" time="0.02">
                                                 
                                               </testcase><testcase classname="ParserSuite" name=" do while statement missing ending semicolon" time="0.018">
                                                 
                                               </testcase><testcase classname="ParserSuite" name=" for statement block" time="0.022">
                                                 
                                               </testcase><testcase classname="ParserSuite" name=" break statement" time="0.016">
                                                 
                                               </testcase><testcase classname="ParserSuite" name=" continue statement" time="0.016">
                                                 
                                               </testcase><testcase classname="ParserSuite" name=" return statement" time="0.016">
                                                 
                                               </testcase><testcase classname="ParserSuite" name=" return statement" time="0.014">
                                                 
                                               </testcase><testcase classname="ParserSuite" name=" Expression statement" time="0.015">
                                                 
                                               </testcase><testcase classname="ParserSuite" name=" Block statement" time="0.019">
                                                 
                                               </testcase><testcase classname="ParserSuite" name=" Expression statement" time="0.028">
                                                 
                                               </testcase><testcase classname="ParserSuite" name=" Expression statement" time="0.033">
                                                 
                                               </testcase><testcase classname="ParserSuite" name=" Expression fail: double or operator" time="0.018">
                                                 
                                               </testcase><testcase classname="ParserSuite" name=" Expression fail: ! is infix operator" time="0.019">
                                                 
                                               </testcase><testcase classname="ParserSuite" name=" If statement fail: wrong braket" time="0.028">
                                                 
                                               </testcase><testcase classname="ParserSuite" name=" If statement fail" time="0.021">
                                                 
                                               </testcase><testcase classname="ParserSuite" name=" do while statement fail: have no statement in do" time="0.029">
                                                 
                                               </testcase><testcase classname="ParserSuite" name=" do while statement fail: missing while keyword" time="0.02">
                                                 
                                               </testcase><testcase classname="ParserSuite" name=" for statement fail: missing statement in condition for" time="0.017">
                                                 
                                               </testcase><testcase classname="ParserSuite" name=" for statement fail: wrong bracket" time="0.017">
                                                 
                                               </testcase><testcase classname="ParserSuite" name=" for statement fail: wrong separator" time="0.021">
                                                 
                                               </testcase><testcase classname="ParserSuite" name=" for statement fail: missing bracket" time="0.018">
                                                 
                                               </testcase><testcase classname="ParserSuite" name=" for statement fail: missing SEMI" time="0.026">
                                                 
                                               </testcase><testcase classname="ParserSuite" name=" return statement fail: missing semi-colon" time="0.018">
                                                 
                                               </testcase><testcase classname="ParserSuite" name=" return statement fail: double return keyword" time="0.014">
                                                 
                                               </testcase><testcase classname="ParserSuite" name=" Combinational test" time="0.014">
                                                 
                                               </testcase><testcase classname="ParserSuite" name=" Combinational test" time="0.015">
                                                 
                                               </testcase><testcase classname="ParserSuite" name=" Combinational test" time="0.018">
                                                 
                                               </testcase><testcase classname="ParserSuite" name=" Combinational test" time="0.02">
                                                 
                                               </testcase><testcase classname="ParserSuite" name=" Combinational test" time="0.02">
                                                 
                                               </testcase><testcase classname="ParserSuite" name=" Combinational test" time="0.016">
                                                 
                                               </testcase><testcase classname="ParserSuite" name=" Combinational test" time="0.011">
                                                 
                                               </testcase><testcase classname="ParserSuite" name=" Combinational test" time="0.017">
                                                 
                                               </testcase><testcase classname="ParserSuite" name=" Combinational test" time="0.031">
                                                 
                                               </testcase><testcase classname="ParserSuite" name=" Combinational test" time="0.012">
                                                 
                                               </testcase><testcase classname="ParserSuite" name=" Combinational test" time="0.009">
                                                 
                                               </testcase>
                     <system-out><![CDATA[]]></system-out>
                     <system-err><![CDATA[]]></system-err>
                   </testsuite>